This is pdfTeX, Version 3.14159265-2.6-1.40.19 (TeX Live 2018) (preloaded format=pdflatex 2018.7.6)  10 JUL 2018 16:35
entering extended mode
 restricted \write18 enabled.
 %&-line parsing enabled.
**gnatt.tex
(./gnatt.tex
LaTeX2e <2018-04-01> patch level 2
Babel <3.18> and hyphenation patterns for 22 language(s) loaded.
(./standalone.cls
Document Class: standalone 2012/05/20 v1.1a Class to compile TeX sub-files stan
dalone
(/usr/local/texlive/2018basic/texmf-dist/tex/generic/oberdiek/ifluatex.sty
Package: ifluatex 2016/05/16 v1.4 Provides the ifluatex switch (HO)
Package ifluatex Info: LuaTeX not detected.
)
(/usr/local/texlive/2018basic/texmf-dist/tex/generic/oberdiek/ifpdf.sty
Package: ifpdf 2017/03/15 v3.2 Provides the ifpdf switch
)
(/usr/local/texlive/2018basic/texmf-dist/tex/generic/ifxetex/ifxetex.sty
Package: ifxetex 2010/09/12 v0.6 Provides ifxetex conditional
)
(/usr/local/texlive/2018basic/texmf-dist/tex/latex/xkeyval/xkeyval.sty
Package: xkeyval 2014/12/03 v2.7a package option processing (HA)

(/usr/local/texlive/2018basic/texmf-dist/tex/generic/xkeyval/xkeyval.tex
(/usr/local/texlive/2018basic/texmf-dist/tex/generic/xkeyval/xkvutils.tex
\XKV@toks=\toks14
\XKV@tempa@toks=\toks15

(/usr/local/texlive/2018basic/texmf-dist/tex/generic/xkeyval/keyval.tex))
\XKV@depth=\count80
File: xkeyval.tex 2014/12/03 v2.7a key=value parser (HA)
))
\sa@internal=\count81

(/usr/local/texlive/2018basic/texmf-dist/tex/latex/base/article.cls
Document Class: article 2014/09/29 v1.4h Standard LaTeX document class
(/usr/local/texlive/2018basic/texmf-dist/tex/latex/base/size10.clo
File: size10.clo 2014/09/29 v1.4h Standard LaTeX file (size option)
)
\c@part=\count82
\c@section=\count83
\c@subsection=\count84
\c@subsubsection=\count85
\c@paragraph=\count86
\c@subparagraph=\count87
\c@figure=\count88
\c@table=\count89
\abovecaptionskip=\skip41
\belowcaptionskip=\skip42
\bibindent=\dimen102
)
(./preview.sty
Package: preview 2004/04/11 preview-latex 0.8.1
))
(/usr/local/texlive/2018basic/texmf-dist/tex/latex/graphics/color.sty
Package: color 2016/07/10 v1.1e Standard LaTeX Color (DPC)

(/usr/local/texlive/2018basic/texmf-dist/tex/latex/graphics-cfg/color.cfg
File: color.cfg 2016/01/02 v1.6 sample color configuration
)
Package color Info: Driver file: pdftex.def on input line 147.

(/usr/local/texlive/2018basic/texmf-dist/tex/latex/graphics-def/pdftex.def
File: pdftex.def 2018/01/08 v1.0l Graphics/color driver for pdftex
))
(/usr/local/texlive/2018basic/texmf-dist/tex/latex/pgf/frontendlayer/tikz.sty
(/usr/local/texlive/2018basic/texmf-dist/tex/latex/pgf/basiclayer/pgf.sty
(/usr/local/texlive/2018basic/texmf-dist/tex/latex/pgf/utilities/pgfrcs.sty
(/usr/local/texlive/2018basic/texmf-dist/tex/generic/pgf/utilities/pgfutil-comm
on.tex
\pgfutil@everybye=\toks16
\pgfutil@tempdima=\dimen103
\pgfutil@tempdimb=\dimen104

(/usr/local/texlive/2018basic/texmf-dist/tex/generic/pgf/utilities/pgfutil-comm
on-lists.tex))
(/usr/local/texlive/2018basic/texmf-dist/tex/generic/pgf/utilities/pgfutil-late
x.def
\pgfutil@abb=\box26
 (/usr/local/texlive/2018basic/texmf-dist/tex/latex/ms/everyshi.sty
Package: everyshi 2001/05/15 v3.00 EveryShipout Package (MS)
))
(/usr/local/texlive/2018basic/texmf-dist/tex/generic/pgf/utilities/pgfrcs.code.
tex
Package: pgfrcs 2015/08/07 v3.0.1a (rcs-revision 1.31)
))
Package: pgf 2015/08/07 v3.0.1a (rcs-revision 1.15)

(/usr/local/texlive/2018basic/texmf-dist/tex/latex/pgf/basiclayer/pgfcore.sty
(/usr/local/texlive/2018basic/texmf-dist/tex/latex/graphics/graphicx.sty
Package: graphicx 2017/06/01 v1.1a Enhanced LaTeX Graphics (DPC,SPQR)

(/usr/local/texlive/2018basic/texmf-dist/tex/latex/graphics/graphics.sty
Package: graphics 2017/06/25 v1.2c Standard LaTeX Graphics (DPC,SPQR)

(/usr/local/texlive/2018basic/texmf-dist/tex/latex/graphics/trig.sty
Package: trig 2016/01/03 v1.10 sin cos tan (DPC)
)
(/usr/local/texlive/2018basic/texmf-dist/tex/latex/graphics-cfg/graphics.cfg
File: graphics.cfg 2016/06/04 v1.11 sample graphics configuration
)
Package graphics Info: Driver file: pdftex.def on input line 99.
)
\Gin@req@height=\dimen105
\Gin@req@width=\dimen106
) (/usr/local/texlive/2018basic/texmf-dist/tex/latex/pgf/systemlayer/pgfsys.sty

(/usr/local/texlive/2018basic/texmf-dist/tex/generic/pgf/systemlayer/pgfsys.cod
e.tex
Package: pgfsys 2014/07/09 v3.0.1a (rcs-revision 1.48)

(/usr/local/texlive/2018basic/texmf-dist/tex/generic/pgf/utilities/pgfkeys.code
.tex
\pgfkeys@pathtoks=\toks17
\pgfkeys@temptoks=\toks18

(/usr/local/texlive/2018basic/texmf-dist/tex/generic/pgf/utilities/pgfkeysfilte
red.code.tex
\pgfkeys@tmptoks=\toks19
))
\pgf@x=\dimen107
\pgf@y=\dimen108
\pgf@xa=\dimen109
\pgf@ya=\dimen110
\pgf@xb=\dimen111
\pgf@yb=\dimen112
\pgf@xc=\dimen113
\pgf@yc=\dimen114
\w@pgf@writea=\write3
\r@pgf@reada=\read1
\c@pgf@counta=\count90
\c@pgf@countb=\count91
\c@pgf@countc=\count92
\c@pgf@countd=\count93
\t@pgf@toka=\toks20
\t@pgf@tokb=\toks21
\t@pgf@tokc=\toks22

(/usr/local/texlive/2018basic/texmf-dist/tex/generic/pgf/systemlayer/pgf.cfg
File: pgf.cfg 2008/05/14  (rcs-revision 1.7)
)
Driver file for pgf: pgfsys-pdftex.def

(/usr/local/texlive/2018basic/texmf-dist/tex/generic/pgf/systemlayer/pgfsys-pdf
tex.def
File: pgfsys-pdftex.def 2014/10/11  (rcs-revision 1.35)

(/usr/local/texlive/2018basic/texmf-dist/tex/generic/pgf/systemlayer/pgfsys-com
mon-pdf.def
File: pgfsys-common-pdf.def 2013/10/10  (rcs-revision 1.13)
)))
(/usr/local/texlive/2018basic/texmf-dist/tex/generic/pgf/systemlayer/pgfsyssoft
path.code.tex
File: pgfsyssoftpath.code.tex 2013/09/09  (rcs-revision 1.9)
\pgfsyssoftpath@smallbuffer@items=\count94
\pgfsyssoftpath@bigbuffer@items=\count95
)
(/usr/local/texlive/2018basic/texmf-dist/tex/generic/pgf/systemlayer/pgfsysprot
ocol.code.tex
File: pgfsysprotocol.code.tex 2006/10/16  (rcs-revision 1.4)
))
(/usr/local/texlive/2018basic/texmf-dist/tex/latex/xcolor/xcolor.sty
Package: xcolor 2016/05/11 v2.12 LaTeX color extensions (UK)

(/usr/local/texlive/2018basic/texmf-dist/tex/latex/graphics-cfg/color.cfg
File: color.cfg 2016/01/02 v1.6 sample color configuration
)
Package xcolor Info: Driver file: pdftex.def on input line 225.
LaTeX Info: Redefining \color on input line 709.
Package xcolor Info: Model `cmy' substituted by `cmy0' on input line 1348.
Package xcolor Info: Model `hsb' substituted by `rgb' on input line 1352.
Package xcolor Info: Model `RGB' extended on input line 1364.
Package xcolor Info: Model `HTML' substituted by `rgb' on input line 1366.
Package xcolor Info: Model `Hsb' substituted by `hsb' on input line 1367.
Package xcolor Info: Model `tHsb' substituted by `hsb' on input line 1368.
Package xcolor Info: Model `HSB' substituted by `hsb' on input line 1369.
Package xcolor Info: Model `Gray' substituted by `gray' on input line 1370.
Package xcolor Info: Model `wave' substituted by `hsb' on input line 1371.
)
(/usr/local/texlive/2018basic/texmf-dist/tex/generic/pgf/basiclayer/pgfcore.cod
e.tex
Package: pgfcore 2010/04/11 v3.0.1a (rcs-revision 1.7)

(/usr/local/texlive/2018basic/texmf-dist/tex/generic/pgf/math/pgfmath.code.tex
(/usr/local/texlive/2018basic/texmf-dist/tex/generic/pgf/math/pgfmathcalc.code.
tex
(/usr/local/texlive/2018basic/texmf-dist/tex/generic/pgf/math/pgfmathutil.code.
tex)
(/usr/local/texlive/2018basic/texmf-dist/tex/generic/pgf/math/pgfmathparser.cod
e.tex
\pgfmath@dimen=\dimen115
\pgfmath@count=\count96
\pgfmath@box=\box27
\pgfmath@toks=\toks23
\pgfmath@stack@operand=\toks24
\pgfmath@stack@operation=\toks25
)
(/usr/local/texlive/2018basic/texmf-dist/tex/generic/pgf/math/pgfmathfunctions.
code.tex
(/usr/local/texlive/2018basic/texmf-dist/tex/generic/pgf/math/pgfmathfunctions.
basic.code.tex)
(/usr/local/texlive/2018basic/texmf-dist/tex/generic/pgf/math/pgfmathfunctions.
trigonometric.code.tex)
(/usr/local/texlive/2018basic/texmf-dist/tex/generic/pgf/math/pgfmathfunctions.
random.code.tex)
(/usr/local/texlive/2018basic/texmf-dist/tex/generic/pgf/math/pgfmathfunctions.
comparison.code.tex)
(/usr/local/texlive/2018basic/texmf-dist/tex/generic/pgf/math/pgfmathfunctions.
base.code.tex)
(/usr/local/texlive/2018basic/texmf-dist/tex/generic/pgf/math/pgfmathfunctions.
round.code.tex)
(/usr/local/texlive/2018basic/texmf-dist/tex/generic/pgf/math/pgfmathfunctions.
misc.code.tex)
(/usr/local/texlive/2018basic/texmf-dist/tex/generic/pgf/math/pgfmathfunctions.
integerarithmetics.code.tex)))
(/usr/local/texlive/2018basic/texmf-dist/tex/generic/pgf/math/pgfmathfloat.code
.tex
\c@pgfmathroundto@lastzeros=\count97
))
(/usr/local/texlive/2018basic/texmf-dist/tex/generic/pgf/basiclayer/pgfcorepoin
ts.code.tex
File: pgfcorepoints.code.tex 2013/10/07  (rcs-revision 1.27)
\pgf@picminx=\dimen116
\pgf@picmaxx=\dimen117
\pgf@picminy=\dimen118
\pgf@picmaxy=\dimen119
\pgf@pathminx=\dimen120
\pgf@pathmaxx=\dimen121
\pgf@pathminy=\dimen122
\pgf@pathmaxy=\dimen123
\pgf@xx=\dimen124
\pgf@xy=\dimen125
\pgf@yx=\dimen126
\pgf@yy=\dimen127
\pgf@zx=\dimen128
\pgf@zy=\dimen129
)
(/usr/local/texlive/2018basic/texmf-dist/tex/generic/pgf/basiclayer/pgfcorepath
construct.code.tex
File: pgfcorepathconstruct.code.tex 2013/10/07  (rcs-revision 1.29)
\pgf@path@lastx=\dimen130
\pgf@path@lasty=\dimen131
)
(/usr/local/texlive/2018basic/texmf-dist/tex/generic/pgf/basiclayer/pgfcorepath
usage.code.tex
File: pgfcorepathusage.code.tex 2014/11/02  (rcs-revision 1.24)
\pgf@shorten@end@additional=\dimen132
\pgf@shorten@start@additional=\dimen133
)
(/usr/local/texlive/2018basic/texmf-dist/tex/generic/pgf/basiclayer/pgfcorescop
es.code.tex
File: pgfcorescopes.code.tex 2015/05/08  (rcs-revision 1.46)
\pgfpic=\box28
\pgf@hbox=\box29
\pgf@layerbox@main=\box30
\pgf@picture@serial@count=\count98
)
(/usr/local/texlive/2018basic/texmf-dist/tex/generic/pgf/basiclayer/pgfcoregrap
hicstate.code.tex
File: pgfcoregraphicstate.code.tex 2014/11/02  (rcs-revision 1.12)
\pgflinewidth=\dimen134
)
(/usr/local/texlive/2018basic/texmf-dist/tex/generic/pgf/basiclayer/pgfcoretran
sformations.code.tex
File: pgfcoretransformations.code.tex 2015/08/07  (rcs-revision 1.20)
\pgf@pt@x=\dimen135
\pgf@pt@y=\dimen136
\pgf@pt@temp=\dimen137
)
(/usr/local/texlive/2018basic/texmf-dist/tex/generic/pgf/basiclayer/pgfcorequic
k.code.tex
File: pgfcorequick.code.tex 2008/10/09  (rcs-revision 1.3)
)
(/usr/local/texlive/2018basic/texmf-dist/tex/generic/pgf/basiclayer/pgfcoreobje
cts.code.tex
File: pgfcoreobjects.code.tex 2006/10/11  (rcs-revision 1.2)
)
(/usr/local/texlive/2018basic/texmf-dist/tex/generic/pgf/basiclayer/pgfcorepath
processing.code.tex
File: pgfcorepathprocessing.code.tex 2013/09/09  (rcs-revision 1.9)
)
(/usr/local/texlive/2018basic/texmf-dist/tex/generic/pgf/basiclayer/pgfcorearro
ws.code.tex
File: pgfcorearrows.code.tex 2015/05/14  (rcs-revision 1.43)
\pgfarrowsep=\dimen138
)
(/usr/local/texlive/2018basic/texmf-dist/tex/generic/pgf/basiclayer/pgfcoreshad
e.code.tex
File: pgfcoreshade.code.tex 2013/07/15  (rcs-revision 1.15)
\pgf@max=\dimen139
\pgf@sys@shading@range@num=\count99
)
(/usr/local/texlive/2018basic/texmf-dist/tex/generic/pgf/basiclayer/pgfcoreimag
e.code.tex
File: pgfcoreimage.code.tex 2013/07/15  (rcs-revision 1.18)

(/usr/local/texlive/2018basic/texmf-dist/tex/generic/pgf/basiclayer/pgfcoreexte
rnal.code.tex
File: pgfcoreexternal.code.tex 2014/07/09  (rcs-revision 1.21)
\pgfexternal@startupbox=\box31
))
(/usr/local/texlive/2018basic/texmf-dist/tex/generic/pgf/basiclayer/pgfcorelaye
rs.code.tex
File: pgfcorelayers.code.tex 2013/07/18  (rcs-revision 1.7)
)
(/usr/local/texlive/2018basic/texmf-dist/tex/generic/pgf/basiclayer/pgfcoretran
sparency.code.tex
File: pgfcoretransparency.code.tex 2013/09/30  (rcs-revision 1.5)
)
(/usr/local/texlive/2018basic/texmf-dist/tex/generic/pgf/basiclayer/pgfcorepatt
erns.code.tex
File: pgfcorepatterns.code.tex 2013/11/07  (rcs-revision 1.5)
)))
(/usr/local/texlive/2018basic/texmf-dist/tex/generic/pgf/modules/pgfmoduleshape
s.code.tex
File: pgfmoduleshapes.code.tex 2014/03/21  (rcs-revision 1.35)
\pgfnodeparttextbox=\box32
)
(/usr/local/texlive/2018basic/texmf-dist/tex/generic/pgf/modules/pgfmoduleplot.
code.tex
File: pgfmoduleplot.code.tex 2015/08/03  (rcs-revision 1.13)
)
(/usr/local/texlive/2018basic/texmf-dist/tex/latex/pgf/compatibility/pgfcomp-ve
rsion-0-65.sty
Package: pgfcomp-version-0-65 2007/07/03 v3.0.1a (rcs-revision 1.7)
\pgf@nodesepstart=\dimen140
\pgf@nodesepend=\dimen141
)
(/usr/local/texlive/2018basic/texmf-dist/tex/latex/pgf/compatibility/pgfcomp-ve
rsion-1-18.sty
Package: pgfcomp-version-1-18 2007/07/23 v3.0.1a (rcs-revision 1.1)
))
(/usr/local/texlive/2018basic/texmf-dist/tex/latex/pgf/utilities/pgffor.sty
(/usr/local/texlive/2018basic/texmf-dist/tex/latex/pgf/utilities/pgfkeys.sty
(/usr/local/texlive/2018basic/texmf-dist/tex/generic/pgf/utilities/pgfkeys.code
.tex)) (/usr/local/texlive/2018basic/texmf-dist/tex/latex/pgf/math/pgfmath.sty
(/usr/local/texlive/2018basic/texmf-dist/tex/generic/pgf/math/pgfmath.code.tex)
)
(/usr/local/texlive/2018basic/texmf-dist/tex/generic/pgf/utilities/pgffor.code.
tex
Package: pgffor 2013/12/13 v3.0.1a (rcs-revision 1.25)

(/usr/local/texlive/2018basic/texmf-dist/tex/generic/pgf/math/pgfmath.code.tex)
\pgffor@iter=\dimen142
\pgffor@skip=\dimen143
\pgffor@stack=\toks26
\pgffor@toks=\toks27
))
(/usr/local/texlive/2018basic/texmf-dist/tex/generic/pgf/frontendlayer/tikz/tik
z.code.tex
Package: tikz 2015/08/07 v3.0.1a (rcs-revision 1.151)

(/usr/local/texlive/2018basic/texmf-dist/tex/generic/pgf/libraries/pgflibrarypl
othandlers.code.tex
File: pgflibraryplothandlers.code.tex 2013/08/31 v3.0.1a (rcs-revision 1.20)
\pgf@plot@mark@count=\count100
\pgfplotmarksize=\dimen144
)
\tikz@lastx=\dimen145
\tikz@lasty=\dimen146
\tikz@lastxsaved=\dimen147
\tikz@lastysaved=\dimen148
\tikzleveldistance=\dimen149
\tikzsiblingdistance=\dimen150
\tikz@figbox=\box33
\tikz@figbox@bg=\box34
\tikz@tempbox=\box35
\tikz@tempbox@bg=\box36
\tikztreelevel=\count101
\tikznumberofchildren=\count102
\tikznumberofcurrentchild=\count103
\tikz@fig@count=\count104

(/usr/local/texlive/2018basic/texmf-dist/tex/generic/pgf/modules/pgfmodulematri
x.code.tex
File: pgfmodulematrix.code.tex 2013/09/17  (rcs-revision 1.8)
\pgfmatrixcurrentrow=\count105
\pgfmatrixcurrentcolumn=\count106
\pgf@matrix@numberofcolumns=\count107
)
\tikz@expandcount=\count108

(/usr/local/texlive/2018basic/texmf-dist/tex/generic/pgf/frontendlayer/tikz/lib
raries/tikzlibrarytopaths.code.tex
File: tikzlibrarytopaths.code.tex 2008/06/17 v3.0.1a (rcs-revision 1.2)
))) (./pgfgantt.sty
Package: pgfgantt 2012/01/25 v3.0 Draw Gantt diagrams with TikZ

(/usr/local/texlive/2018basic/texmf-dist/tex/generic/pgf/frontendlayer/tikz/lib
raries/tikzlibraryarrows.code.tex
File: tikzlibraryarrows.code.tex 2008/01/09 v3.0.1a (rcs-revision 1.1)

(/usr/local/texlive/2018basic/texmf-dist/tex/generic/pgf/libraries/pgflibraryar
rows.code.tex
File: pgflibraryarrows.code.tex 2013/09/23 v3.0.1a (rcs-revision 1.16)
\arrowsize=\dimen151
))
(/usr/local/texlive/2018basic/texmf-dist/tex/generic/pgf/frontendlayer/tikz/lib
raries/tikzlibrarybackgrounds.code.tex
File: tikzlibrarybackgrounds.code.tex 2013/07/18 v3.0.1a (rcs-revision 1.3)
\pgf@layerbox@background=\box37
\pgf@layerboxsaved@background=\box38
)
(/usr/local/texlive/2018basic/texmf-dist/tex/generic/pgf/frontendlayer/tikz/lib
raries/tikzlibrarycalc.code.tex
File: tikzlibrarycalc.code.tex 2013/07/15 v3.0.1a (rcs-revision 1.9)
)
(/usr/local/texlive/2018basic/texmf-dist/tex/generic/pgf/frontendlayer/tikz/lib
raries/tikzlibrarypatterns.code.tex
File: tikzlibrarypatterns.code.tex 2008/01/15 v3.0.1a (rcs-revision 1.2)

(/usr/local/texlive/2018basic/texmf-dist/tex/generic/pgf/libraries/pgflibrarypa
tterns.code.tex
File: pgflibrarypatterns.code.tex 2008/03/03 v3.0.1a (rcs-revision 1.13)
))
(/usr/local/texlive/2018basic/texmf-dist/tex/generic/pgf/frontendlayer/tikz/lib
raries/tikzlibrarypositioning.code.tex
File: tikzlibrarypositioning.code.tex 2008/10/06 v3.0.1a (rcs-revision 1.7)
)
\c@gtt@width=\count109
\c@gtt@currentline=\count110
\c@gtt@lasttitleline=\count111
\c@gtt@lasttitleslot=\count112
\c@gtt@elementid=\count113
\c@gtt@currgrid=\count114
)
! Undefined control sequence.
<recently read> \newganttchartelement 
                                      
l.8 \newganttchartelement
                         {orangebar}{
The control sequence at the end of the top line
of your error message was never \def'ed. If you have
misspelled it (e.g., `\hobx'), type `I' and the correct
spelling (e.g., `I\hbox'). Otherwise just continue,
and I'll forget about whatever was undefined.


! LaTeX Error: Missing \begin{document}.

See the LaTeX manual or LaTeX Companion for explanation.
Type  H <return>  for immediate help.
 ...                                              
                                                  
l.8 \newganttchartelement{o
                           rangebar}{
You're in trouble here.  Try typing  <return>  to proceed.
If that doesn't work, type  X <return>  to quit.

! Undefined control sequence.
l.21 \newganttchartelement
                          {bluebar}{
The control sequence at the end of the top line
of your error message was never \def'ed. If you have
misspelled it (e.g., `\hobx'), type `I' and the correct
spelling (e.g., `I\hbox'). Otherwise just continue,
and I'll forget about whatever was undefined.


! LaTeX Error: Missing \begin{document}.

See the LaTeX manual or LaTeX Companion for explanation.
Type  H <return>  for immediate help.
 ...                                              
                                                  
l.21 \newganttchartelement{b
                            luebar}{
You're in trouble here.  Try typing  <return>  to proceed.
If that doesn't work, type  X <return>  to quit.


Overfull \hbox (8.61191pt too wide) in paragraph at lines 21--33
\OT1/cmr/m/n/10 top color=white, bot-tom color=blue!80 , blue-bar la-bel font=\
OT1/cmr/m/sl/10 , blue-bar left shift=.1,
 []

! Undefined control sequence.
l.34 \newganttchartelement
                          {greenbar}{
The control sequence at the end of the top line
of your error message was never \def'ed. If you have
misspelled it (e.g., `\hobx'), type `I' and the correct
spelling (e.g., `I\hbox'). Otherwise just continue,
and I'll forget about whatever was undefined.


! LaTeX Error: Missing \begin{document}.

See the LaTeX manual or LaTeX Companion for explanation.
Type  H <return>  for immediate help.
 ...                                              
                                                  
l.34 \newganttchartelement{g
                            reenbar}{
You're in trouble here.  Try typing  <return>  to proceed.
If that doesn't work, type  X <return>  to quit.

(./gnatt.aux)
\openout1 = `gnatt.aux'.

LaTeX Font Info:    Checking defaults for OML/cmm/m/it on input line 47.
LaTeX Font Info:    ... okay on input line 47.
LaTeX Font Info:    Checking defaults for T1/cmr/m/n on input line 47.
LaTeX Font Info:    ... okay on input line 47.
LaTeX Font Info:    Checking defaults for OT1/cmr/m/n on input line 47.
LaTeX Font Info:    ... okay on input line 47.
LaTeX Font Info:    Checking defaults for OMS/cmsy/m/n on input line 47.
LaTeX Font Info:    ... okay on input line 47.
LaTeX Font Info:    Checking defaults for OMX/cmex/m/n on input line 47.
LaTeX Font Info:    ... okay on input line 47.
LaTeX Font Info:    Checking defaults for U/cmr/m/n on input line 47.
LaTeX Font Info:    ... okay on input line 47.

(/usr/local/texlive/2018basic/texmf-dist/tex/context/base/mkii/supp-pdf.mkii
[Loading MPS to PDF converter (version 2006.09.02).]
\scratchcounter=\count115
\scratchdimen=\dimen152
\scratchbox=\box39
\nofMPsegments=\count116
\nofMParguments=\count117
\everyMPshowfont=\toks28
\MPscratchCnt=\count118
\MPscratchDim=\dimen153
\MPnumerator=\count119
\makeMPintoPDFobject=\count120
\everyMPtoPDFconversion=\toks29
) (/usr/local/texlive/2018basic/texmf-dist/tex/latex/oberdiek/epstopdf-base.sty
Package: epstopdf-base 2016/05/15 v2.6 Base part for package epstopdf
(/usr/local/texlive/2018basic/texmf-dist/tex/generic/oberdiek/infwarerr.sty
Package: infwarerr 2016/05/16 v1.4 Providing info/warning/error messages (HO)
)
(/usr/local/texlive/2018basic/texmf-dist/tex/latex/oberdiek/grfext.sty
Package: grfext 2016/05/16 v1.2 Manage graphics extensions (HO)

(/usr/local/texlive/2018basic/texmf-dist/tex/generic/oberdiek/kvdefinekeys.sty
Package: kvdefinekeys 2016/05/16 v1.4 Define keys (HO)

(/usr/local/texlive/2018basic/texmf-dist/tex/generic/oberdiek/ltxcmds.sty
Package: ltxcmds 2016/05/16 v1.23 LaTeX kernel commands for general use (HO)
)))
(/usr/local/texlive/2018basic/texmf-dist/tex/latex/oberdiek/kvoptions.sty
Package: kvoptions 2016/05/16 v3.12 Key value format for package options (HO)

(/usr/local/texlive/2018basic/texmf-dist/tex/generic/oberdiek/kvsetkeys.sty
Package: kvsetkeys 2016/05/16 v1.17 Key value parser (HO)

(/usr/local/texlive/2018basic/texmf-dist/tex/generic/oberdiek/etexcmds.sty
Package: etexcmds 2016/05/16 v1.6 Avoid name clashes with e-TeX commands (HO)
Package etexcmds Info: Could not find \expanded.
(etexcmds)             That can mean that you are not using pdfTeX 1.50 or
(etexcmds)             that some package has redefined \expanded.
(etexcmds)             In the latter case, load this package earlier.
)))
(/usr/local/texlive/2018basic/texmf-dist/tex/generic/oberdiek/pdftexcmds.sty
Package: pdftexcmds 2018/01/30 v0.27 Utility functions of pdfTeX for LuaTeX (HO
)
Package pdftexcmds Info: LuaTeX not detected.
Package pdftexcmds Info: \pdf@primitive is available.
Package pdftexcmds Info: \pdf@ifprimitive is available.
Package pdftexcmds Info: \pdfdraftmode found.
)
Package epstopdf-base Info: Redefining graphics rule for `.eps' on input line 4
38.
Package grfext Info: Graphics extension search list:
(grfext)             [.pdf,.png,.jpg,.mps,.jpeg,.jbig2,.jb2,.PDF,.PNG,.JPG,.JPE
G,.JBIG2,.JB2,.eps]
(grfext)             \AppendGraphicsExtensions on input line 456.

(/usr/local/texlive/2018basic/texmf-dist/tex/latex/latexconfig/epstopdf-sys.cfg
File: epstopdf-sys.cfg 2010/07/13 v1.3 Configuration of (r)epstopdf for TeX Liv
e
)) ABD: EveryShipout initializing macros

! Package pgfkeys Error: I do not know the key '/pgfgantt/time slot format', to
 which you passed 'isodate', and I am going to ignore it. Perhaps you misspelle
d it.

See the pgfkeys package documentation for explanation.
Type  H <return>  for immediate help.
 ...                                              
                                                  
l.57     ]{2014-09-22}
                      {2014-12-21}
This error message was generated by an \errmessage
command, so I can't give any explicit help.
Pretend that you're Hercule Poirot: Examine all clues,
and deduce the truth by order and method.

Missing character: There is no - in font nullfont!
Missing character: There is no 0 in font nullfont!
Missing character: There is no 9 in font nullfont!
Missing character: There is no - in font nullfont!
Missing character: There is no 2 in font nullfont!
Missing character: There is no 2 in font nullfont!
Missing character: There is no 2 in font nullfont!
Missing character: There is no 0 in font nullfont!
Missing character: There is no 1 in font nullfont!
Missing character: There is no 4 in font nullfont!
Missing character: There is no - in font nullfont!
Missing character: There is no 1 in font nullfont!
Missing character: There is no 2 in font nullfont!
Missing character: There is no - in font nullfont!
Missing character: There is no 2 in font nullfont!
Missing character: There is no 1 in font nullfont!
! Undefined control sequence.
l.58     \gantttitlecalendar
                            {year, month=name, week}\\
The control sequence at the end of the top line
of your error message was never \def'ed. If you have
misspelled it (e.g., `\hobx'), type `I' and the correct
spelling (e.g., `I\hbox'). Otherwise just continue,
and I'll forget about whatever was undefined.

Missing character: There is no y in font nullfont!
Missing character: There is no e in font nullfont!
Missing character: There is no a in font nullfont!
Missing character: There is no r in font nullfont!
Missing character: There is no , in font nullfont!
Missing character: There is no m in font nullfont!
Missing character: There is no o in font nullfont!
Missing character: There is no n in font nullfont!
Missing character: There is no t in font nullfont!
Missing character: There is no h in font nullfont!
Missing character: There is no = in font nullfont!
Missing character: There is no n in font nullfont!
Missing character: There is no a in font nullfont!
Missing character: There is no m in font nullfont!
Missing character: There is no e in font nullfont!
Missing character: There is no , in font nullfont!
Missing character: There is no w in font nullfont!
Missing character: There is no e in font nullfont!
Missing character: There is no e in font nullfont!
Missing character: There is no k in font nullfont!

! Package PGF Math Error: Digit `9' invalid for base 8 (in '(2014-09-22 + -1+ -
.1)* 3mm').

See the PGF Math package documentation for explanation.
Type  H <return>  for immediate help.
 ...                                              
                                                  
l.62     ]{IMKL Reader}{2014-09-22}{2014-11-9}
                                              \\ [grid]
\let 


! Package PGF Math Error: Digit `=' invalid for base 8 (in '(2014-09-22 + -1+ -
.1)* 3mm').

See the PGF Math package documentation for explanation.
Type  H <return>  for immediate help.
 ...                                              
                                                  
l.62     ]{IMKL Reader}{2014-09-22}{2014-11-9}
                                              \\ [grid]
\let 


! Package PGF Math Error: Digit `=' invalid for base 8 (in '(2014-09-22 + -1+ -
.1)* 3mm').

See the PGF Math package documentation for explanation.
Type  H <return>  for immediate help.
 ...                                              
                                                  
l.62     ]{IMKL Reader}{2014-09-22}{2014-11-9}
                                              \\ [grid]
\let 


! Package PGF Math Error: Digit `=' invalid for base 8 (in '(2014-09-22 + -1+ -
.1)* 3mm').

See the PGF Math package documentation for explanation.
Type  H <return>  for immediate help.
 ...                                              
                                                  
l.62     ]{IMKL Reader}{2014-09-22}{2014-11-9}
                                              \\ [grid]
\let 


! Package PGF Math Error: Digit `=' invalid for base 8 (in '(2014-09-22 + -1+ -
.1)* 3mm').

See the PGF Math package documentation for explanation.
Type  H <return>  for immediate help.
 ...                                              
                                                  
l.62     ]{IMKL Reader}{2014-09-22}{2014-11-9}
                                              \\ [grid]
\let 


! Package PGF Math Error: Digit `=' invalid for base 8 (in '(2014-09-22 + -1+ -
.1)* 3mm').

See the PGF Math package documentation for explanation.
Type  H <return>  for immediate help.
 ...                                              
                                                  
l.62     ]{IMKL Reader}{2014-09-22}{2014-11-9}
                                              \\ [grid]
\let 


! Package PGF Math Error: Digit `=' invalid for base 8 (in '(2014-09-22 + -1+ -
.1)* 3mm').

See the PGF Math package documentation for explanation.
Type  H <return>  for immediate help.
 ...                                              
                                                  
l.62     ]{IMKL Reader}{2014-09-22}{2014-11-9}
                                              \\ [grid]
\let 


! Package PGF Math Error: Digit `=' invalid for base 8 (in '(2014-09-22 + -1+ -
.1)* 3mm').

See the PGF Math package documentation for explanation.
Type  H <return>  for immediate help.
 ...                                              
                                                  
l.62     ]{IMKL Reader}{2014-09-22}{2014-11-9}
                                              \\ [grid]
\let 


! Package PGF Math Error: Digit `=' invalid for base 8 (in '(2014-09-22 + -1+ -
.1)* 3mm').

See the PGF Math package documentation for explanation.
Type  H <return>  for immediate help.
 ...                                              
                                                  
l.62     ]{IMKL Reader}{2014-09-22}{2014-11-9}
                                              \\ [grid]
\let 


! Package PGF Math Error: Digit `=' invalid for base 8 (in '(2014-09-22 + -1+ -
.1)* 3mm').

See the PGF Math package documentation for explanation.
Type  H <return>  for immediate help.
 ...                                              
                                                  
l.62     ]{IMKL Reader}{2014-09-22}{2014-11-9}
                                              \\ [grid]
\let 


! Package PGF Math Error: Digit `=' invalid for base 8 (in '(2014-09-22 + -1+ -
.1)* 3mm').

See the PGF Math package documentation for explanation.
Type  H <return>  for immediate help.
 ...                                              
                                                  
l.62     ]{IMKL Reader}{2014-09-22}{2014-11-9}
                                              \\ [grid]
\let 


! Package PGF Math Error: Digit `=' invalid for base 8 (in '(2014-09-22 + -1+ -
.1)* 3mm').

See the PGF Math package documentation for explanation.
Type  H <return>  for immediate help.
 ...                                              
                                                  
l.62     ]{IMKL Reader}{2014-09-22}{2014-11-9}
                                              \\ [grid]
\let 


! Package PGF Math Error: Digit `=' invalid for base 8 (in '(2014-09-22 + -1+ -
.1)* 3mm').

See the PGF Math package documentation for explanation.
Type  H <return>  for immediate help.
 ...                                              
                                                  
l.62     ]{IMKL Reader}{2014-09-22}{2014-11-9}
                                              \\ [grid]
\let 


! Package PGF Math Error: Digit `=' invalid for base 8 (in '(2014-09-22 + -1+ -
.1)* 3mm').

See the PGF Math package documentation for explanation.
Type  H <return>  for immediate help.
 ...                                              
                                                  
l.62     ]{IMKL Reader}{2014-09-22}{2014-11-9}
                                              \\ [grid]
\let 


! Package PGF Math Error: Digit `=' invalid for base 8 (in '(2014-09-22 + -1+ -
.1)* 3mm').

See the PGF Math package documentation for explanation.
Type  H <return>  for immediate help.
 ...                                              
                                                  
l.62     ]{IMKL Reader}{2014-09-22}{2014-11-9}
                                              \\ [grid]
\let 


! Package PGF Math Error: Digit `=' invalid for base 8 (in '(2014-09-22 + -1+ -
.1)* 3mm').

See the PGF Math package documentation for explanation.
Type  H <return>  for immediate help.
 ...                                              
                                                  
l.62     ]{IMKL Reader}{2014-09-22}{2014-11-9}
                                              \\ [grid]
\let 


! Package PGF Math Error: Digit `=' invalid for base 8 (in '(2014-09-22 + -1+ -
.1)* 3mm').

See the PGF Math package documentation for explanation.
Type  H <return>  for immediate help.
 ...                                              
                                                  
l.62     ]{IMKL Reader}{2014-09-22}{2014-11-9}
                                              \\ [grid]
\let 


! Package PGF Math Error: Digit `=' invalid for base 8 (in '(2014-09-22 + -1+ -
.1)* 3mm').

See the PGF Math package documentation for explanation.
Type  H <return>  for immediate help.
 ...                                              
                                                  
l.62     ]{IMKL Reader}{2014-09-22}{2014-11-9}
                                              \\ [grid]
\let 


! Package PGF Math Error: Digit `=' invalid for base 8 (in '(2014-09-22 + -1+ -
.1)* 3mm').

See the PGF Math package documentation for explanation.
Type  H <return>  for immediate help.
 ...                                              
                                                  
l.62     ]{IMKL Reader}{2014-09-22}{2014-11-9}
                                              \\ [grid]
\let 


! Package PGF Math Error: Digit `=' invalid for base 8 (in '(2014-09-22 + -1+ -
.1)* 3mm').

See the PGF Math package documentation for explanation.
Type  H <return>  for immediate help.
 ...                                              
                                                  
l.62     ]{IMKL Reader}{2014-09-22}{2014-11-9}
                                              \\ [grid]
\let 


! Package PGF Math Error: Digit `=' invalid for base 8 (in '(2014-09-22 + -1+ -
.1)* 3mm').

See the PGF Math package documentation for explanation.
Type  H <return>  for immediate help.
 ...                                              
                                                  
l.62     ]{IMKL Reader}{2014-09-22}{2014-11-9}
                                              \\ [grid]
\let 


! Package PGF Math Error: Digit `=' invalid for base 8 (in '(2014-09-22 + -1+ -
.1)* 3mm').

See the PGF Math package documentation for explanation.
Type  H <return>  for immediate help.
 ...                                              
                                                  
l.62     ]{IMKL Reader}{2014-09-22}{2014-11-9}
                                              \\ [grid]
\let 


! Package PGF Math Error: Digit `=' invalid for base 8 (in '(2014-09-22 + -1+ -
.1)* 3mm').

See the PGF Math package documentation for explanation.
Type  H <return>  for immediate help.
 ...                                              
                                                  
l.62     ]{IMKL Reader}{2014-09-22}{2014-11-9}
                                              \\ [grid]
\let 


! Package PGF Math Error: Digit `=' invalid for base 8 (in '(2014-09-22 + -1+ -
.1)* 3mm').

See the PGF Math package documentation for explanation.
Type  H <return>  for immediate help.
 ...                                              
                                                  
l.62     ]{IMKL Reader}{2014-09-22}{2014-11-9}
                                              \\ [grid]
\let 


! Package PGF Math Error: Digit `=' invalid for base 8 (in '(2014-09-22 + -1+ -
.1)* 3mm').

See the PGF Math package documentation for explanation.
Type  H <return>  for immediate help.
 ...                                              
                                                  
l.62     ]{IMKL Reader}{2014-09-22}{2014-11-9}
                                              \\ [grid]
\let 


! Package PGF Math Error: Digit `=' invalid for base 8 (in '(2014-09-22 + -1+ -
.1)* 3mm').

See the PGF Math package documentation for explanation.
Type  H <return>  for immediate help.
 ...                                              
                                                  
l.62     ]{IMKL Reader}{2014-09-22}{2014-11-9}
                                              \\ [grid]
\let 


! Package PGF Math Error: Digit `=' invalid for base 8 (in '(2014-09-22 + -1+ -
.1)* 3mm').

See the PGF Math package documentation for explanation.
Type  H <return>  for immediate help.
 ...                                              
                                                  
l.62     ]{IMKL Reader}{2014-09-22}{2014-11-9}
                                              \\ [grid]
\let 


! Package PGF Math Error: Digit `=' invalid for base 8 (in '(2014-09-22 + -1+ -
.1)* 3mm').

See the PGF Math package documentation for explanation.
Type  H <return>  for immediate help.
 ...                                              
                                                  
l.62     ]{IMKL Reader}{2014-09-22}{2014-11-9}
                                              \\ [grid]
\let 


! Package PGF Math Error: Digit `=' invalid for base 8 (in '(2014-09-22 + -1+ -
.1)* 3mm').

See the PGF Math package documentation for explanation.
Type  H <return>  for immediate help.
 ...                                              
                                                  
l.62     ]{IMKL Reader}{2014-09-22}{2014-11-9}
                                              \\ [grid]
\let 


! Package PGF Math Error: Digit `=' invalid for base 8 (in '(2014-09-22 + -1+ -
.1)* 3mm').

See the PGF Math package documentation for explanation.
Type  H <return>  for immediate help.
 ...                                              
                                                  
l.62     ]{IMKL Reader}{2014-09-22}{2014-11-9}
                                              \\ [grid]
\let 


! Package PGF Math Error: Digit `=' invalid for base 8 (in '(2014-09-22 + -1+ -
.1)* 3mm').

See the PGF Math package documentation for explanation.
Type  H <return>  for immediate help.
 ...                                              
                                                  
l.62     ]{IMKL Reader}{2014-09-22}{2014-11-9}
                                              \\ [grid]
\let 


! Package PGF Math Error: Digit `=' invalid for base 8 (in '(2014-09-22 + -1+ -
.1)* 3mm').

See the PGF Math package documentation for explanation.
Type  H <return>  for immediate help.
 ...                                              
                                                  
l.62     ]{IMKL Reader}{2014-09-22}{2014-11-9}
                                              \\ [grid]
\let 


! Package PGF Math Error: Digit `=' invalid for base 8 (in '(2014-09-22 + -1+ -
.1)* 3mm').

See the PGF Math package documentation for explanation.
Type  H <return>  for immediate help.
 ...                                              
                                                  
l.62     ]{IMKL Reader}{2014-09-22}{2014-11-9}
                                              \\ [grid]
\let 


! Package PGF Math Error: Digit `=' invalid for base 8 (in '(2014-09-22 + -1+ -
.1)* 3mm').

See the PGF Math package documentation for explanation.
Type  H <return>  for immediate help.
 ...                                              
                                                  
l.62     ]{IMKL Reader}{2014-09-22}{2014-11-9}
                                              \\ [grid]
\let 


! Package PGF Math Error: Digit `=' invalid for base 8 (in '(2014-09-22 + -1+ -
.1)* 3mm').

See the PGF Math package documentation for explanation.
Type  H <return>  for immediate help.
 ...                                              
                                                  
l.62     ]{IMKL Reader}{2014-09-22}{2014-11-9}
                                              \\ [grid]
\let 


! Package PGF Math Error: Digit `=' invalid for base 8 (in '(2014-09-22 + -1+ -
.1)* 3mm').

See the PGF Math package documentation for explanation.
Type  H <return>  for immediate help.
 ...                                              
                                                  
l.62     ]{IMKL Reader}{2014-09-22}{2014-11-9}
                                              \\ [grid]
\let 


! Package PGF Math Error: Digit `=' invalid for base 8 (in '(2014-09-22 + -1+ -
.1)* 3mm').

See the PGF Math package documentation for explanation.
Type  H <return>  for immediate help.
 ...                                              
                                                  
l.62     ]{IMKL Reader}{2014-09-22}{2014-11-9}
                                              \\ [grid]
\let 


! Package PGF Math Error: Digit `=' invalid for base 8 (in '(2014-09-22 + -1+ -
.1)* 3mm').

See the PGF Math package documentation for explanation.
Type  H <return>  for immediate help.
 ...                                              
                                                  
l.62     ]{IMKL Reader}{2014-09-22}{2014-11-9}
                                              \\ [grid]
\let 


! Package PGF Math Error: Digit `=' invalid for base 8 (in '(2014-09-22 + -1+ -
.1)* 3mm').

See the PGF Math package documentation for explanation.
Type  H <return>  for immediate help.
 ...                                              
                                                  
l.62     ]{IMKL Reader}{2014-09-22}{2014-11-9}
                                              \\ [grid]
\let 


! Package PGF Math Error: Digit `=' invalid for base 8 (in '(2014-09-22 + -1+ -
.1)* 3mm').

See the PGF Math package documentation for explanation.
Type  H <return>  for immediate help.
 ...                                              
                                                  
l.62     ]{IMKL Reader}{2014-09-22}{2014-11-9}
                                              \\ [grid]
\let 


! Package PGF Math Error: Digit `=' invalid for base 8 (in '(2014-09-22 + -1+ -
.1)* 3mm').

See the PGF Math package documentation for explanation.
Type  H <return>  for immediate help.
 ...                                              
                                                  
l.62     ]{IMKL Reader}{2014-09-22}{2014-11-9}
                                              \\ [grid]
\let 


! Package PGF Math Error: Digit `=' invalid for base 8 (in '(2014-09-22 + -1+ -
.1)* 3mm').

See the PGF Math package documentation for explanation.
Type  H <return>  for immediate help.
 ...                                              
                                                  
l.62     ]{IMKL Reader}{2014-09-22}{2014-11-9}
                                              \\ [grid]
\let 


! Package PGF Math Error: Digit `=' invalid for base 8 (in '(2014-09-22 + -1+ -
.1)* 3mm').

See the PGF Math package documentation for explanation.
Type  H <return>  for immediate help.
 ...                                              
                                                  
l.62     ]{IMKL Reader}{2014-09-22}{2014-11-9}
                                              \\ [grid]
\let 


! Package PGF Math Error: Digit `=' invalid for base 8 (in '(2014-09-22 + -1+ -
.1)* 3mm').

See the PGF Math package documentation for explanation.
Type  H <return>  for immediate help.
 ...                                              
                                                  
l.62     ]{IMKL Reader}{2014-09-22}{2014-11-9}
                                              \\ [grid]
\let 


! Package PGF Math Error: Digit `=' invalid for base 8 (in '(2014-09-22 + -1+ -
.1)* 3mm').

See the PGF Math package documentation for explanation.
Type  H <return>  for immediate help.
 ...                                              
                                                  
l.62     ]{IMKL Reader}{2014-09-22}{2014-11-9}
                                              \\ [grid]
\let 


! Package PGF Math Error: Digit `=' invalid for base 8 (in '(2014-09-22 + -1+ -
.1)* 3mm').

See the PGF Math package documentation for explanation.
Type  H <return>  for immediate help.
 ...                                              
                                                  
l.62     ]{IMKL Reader}{2014-09-22}{2014-11-9}
                                              \\ [grid]
\let 


! Package PGF Math Error: Digit `=' invalid for base 8 (in '(2014-09-22 + -1+ -
.1)* 3mm').

See the PGF Math package documentation for explanation.
Type  H <return>  for immediate help.
 ...                                              
                                                  
l.62     ]{IMKL Reader}{2014-09-22}{2014-11-9}
                                              \\ [grid]
\let 


! Package PGF Math Error: Digit `=' invalid for base 8 (in '(2014-09-22 + -1+ -
.1)* 3mm').

See the PGF Math package documentation for explanation.
Type  H <return>  for immediate help.
 ...                                              
                                                  
l.62     ]{IMKL Reader}{2014-09-22}{2014-11-9}
                                              \\ [grid]
\let 


! Package PGF Math Error: Digit `=' invalid for base 8 (in '(2014-09-22 + -1+ -
.1)* 3mm').

See the PGF Math package documentation for explanation.
Type  H <return>  for immediate help.
 ...                                              
                                                  
l.62     ]{IMKL Reader}{2014-09-22}{2014-11-9}
                                              \\ [grid]
\let 


! Package PGF Math Error: Digit `=' invalid for base 8 (in '(2014-09-22 + -1+ -
.1)* 3mm').

See the PGF Math package documentation for explanation.
Type  H <return>  for immediate help.
 ...                                              
                                                  
l.62     ]{IMKL Reader}{2014-09-22}{2014-11-9}
                                              \\ [grid]
\let 


! Package PGF Math Error: Digit `=' invalid for base 8 (in '(2014-09-22 + -1+ -
.1)* 3mm').

See the PGF Math package documentation for explanation.
Type  H <return>  for immediate help.
 ...                                              
                                                  
l.62     ]{IMKL Reader}{2014-09-22}{2014-11-9}
                                              \\ [grid]
\let 


! Package PGF Math Error: Digit `=' invalid for base 8 (in '(2014-09-22 + -1+ -
.1)* 3mm').

See the PGF Math package documentation for explanation.
Type  H <return>  for immediate help.
 ...                                              
                                                  
l.62     ]{IMKL Reader}{2014-09-22}{2014-11-9}
                                              \\ [grid]
\let 


! Package PGF Math Error: Digit `=' invalid for base 8 (in '(2014-09-22 + -1+ -
.1)* 3mm').

See the PGF Math package documentation for explanation.
Type  H <return>  for immediate help.
 ...                                              
                                                  
l.62     ]{IMKL Reader}{2014-09-22}{2014-11-9}
                                              \\ [grid]
\let 


! Package PGF Math Error: Digit `=' invalid for base 8 (in '(2014-09-22 + -1+ -
.1)* 3mm').

See the PGF Math package documentation for explanation.
Type  H <return>  for immediate help.
 ...                                              
                                                  
l.62     ]{IMKL Reader}{2014-09-22}{2014-11-9}
                                              \\ [grid]
\let 


! Package PGF Math Error: Digit `=' invalid for base 8 (in '(2014-09-22 + -1+ -
.1)* 3mm').

See the PGF Math package documentation for explanation.
Type  H <return>  for immediate help.
 ...                                              
                                                  
l.62     ]{IMKL Reader}{2014-09-22}{2014-11-9}
                                              \\ [grid]
\let 


! Package PGF Math Error: Digit `=' invalid for base 8 (in '(2014-09-22 + -1+ -
.1)* 3mm').

See the PGF Math package documentation for explanation.
Type  H <return>  for immediate help.
 ...                                              
                                                  
l.62     ]{IMKL Reader}{2014-09-22}{2014-11-9}
                                              \\ [grid]
\let 


! Package PGF Math Error: Digit `=' invalid for base 8 (in '(2014-09-22 + -1+ -
.1)* 3mm').

See the PGF Math package documentation for explanation.
Type  H <return>  for immediate help.
 ...                                              
                                                  
l.62     ]{IMKL Reader}{2014-09-22}{2014-11-9}
                                              \\ [grid]
\let 


! Package PGF Math Error: Digit `=' invalid for base 8 (in '(2014-09-22 + -1+ -
.1)* 3mm').

See the PGF Math package documentation for explanation.
Type  H <return>  for immediate help.
 ...                                              
                                                  
l.62     ]{IMKL Reader}{2014-09-22}{2014-11-9}
                                              \\ [grid]
\let 


! Package PGF Math Error: Digit `=' invalid for base 8 (in '(2014-09-22 + -1+ -
.1)* 3mm').

See the PGF Math package documentation for explanation.
Type  H <return>  for immediate help.
 ...                                              
                                                  
l.62     ]{IMKL Reader}{2014-09-22}{2014-11-9}
                                              \\ [grid]
\let 


! Package PGF Math Error: Digit `=' invalid for base 8 (in '(2014-09-22 + -1+ -
.1)* 3mm').

See the PGF Math package documentation for explanation.
Type  H <return>  for immediate help.
 ...                                              
                                                  
l.62     ]{IMKL Reader}{2014-09-22}{2014-11-9}
                                              \\ [grid]
\let 


! Package PGF Math Error: Digit `=' invalid for base 8 (in '(2014-09-22 + -1+ -
.1)* 3mm').

See the PGF Math package documentation for explanation.
Type  H <return>  for immediate help.
 ...                                              
                                                  
l.62     ]{IMKL Reader}{2014-09-22}{2014-11-9}
                                              \\ [grid]
\let 


! Package PGF Math Error: Digit `=' invalid for base 8 (in '(2014-09-22 + -1+ -
.1)* 3mm').

See the PGF Math package documentation for explanation.
Type  H <return>  for immediate help.
 ...                                              
                                                  
l.62     ]{IMKL Reader}{2014-09-22}{2014-11-9}
                                              \\ [grid]
\let 


! Package PGF Math Error: Digit `=' invalid for base 8 (in '(2014-09-22 + -1+ -
.1)* 3mm').

See the PGF Math package documentation for explanation.
Type  H <return>  for immediate help.
 ...                                              
                                                  
l.62     ]{IMKL Reader}{2014-09-22}{2014-11-9}
                                              \\ [grid]
\let 


! Package PGF Math Error: Digit `=' invalid for base 8 (in '(2014-09-22 + -1+ -
.1)* 3mm').

See the PGF Math package documentation for explanation.
Type  H <return>  for immediate help.
 ...                                              
                                                  
l.62     ]{IMKL Reader}{2014-09-22}{2014-11-9}
                                              \\ [grid]
\let 


! Package PGF Math Error: Digit `=' invalid for base 8 (in '(2014-09-22 + -1+ -
.1)* 3mm').

See the PGF Math package documentation for explanation.
Type  H <return>  for immediate help.
 ...                                              
                                                  
l.62     ]{IMKL Reader}{2014-09-22}{2014-11-9}
                                              \\ [grid]
\let 


! Package PGF Math Error: Digit `=' invalid for base 8 (in '(2014-09-22 + -1+ -
.1)* 3mm').

See the PGF Math package documentation for explanation.
Type  H <return>  for immediate help.
 ...                                              
                                                  
l.62     ]{IMKL Reader}{2014-09-22}{2014-11-9}
                                              \\ [grid]
\let 


! Package PGF Math Error: Digit `=' invalid for base 8 (in '(2014-09-22 + -1+ -
.1)* 3mm').

See the PGF Math package documentation for explanation.
Type  H <return>  for immediate help.
 ...                                              
                                                  
l.62     ]{IMKL Reader}{2014-09-22}{2014-11-9}
                                              \\ [grid]
\let 


! Package PGF Math Error: Digit `=' invalid for base 8 (in '(2014-09-22 + -1+ -
.1)* 3mm').

See the PGF Math package documentation for explanation.
Type  H <return>  for immediate help.
 ...                                              
                                                  
l.62     ]{IMKL Reader}{2014-09-22}{2014-11-9}
                                              \\ [grid]
\let 


! Package PGF Math Error: Digit `=' invalid for base 8 (in '(2014-09-22 + -1+ -
.1)* 3mm').

See the PGF Math package documentation for explanation.
Type  H <return>  for immediate help.
 ...                                              
                                                  
l.62     ]{IMKL Reader}{2014-09-22}{2014-11-9}
                                              \\ [grid]
\let 


! Package PGF Math Error: Digit `=' invalid for base 8 (in '(2014-09-22 + -1+ -
.1)* 3mm').

See the PGF Math package documentation for explanation.
Type  H <return>  for immediate help.
 ...                                              
                                                  
l.62     ]{IMKL Reader}{2014-09-22}{2014-11-9}
                                              \\ [grid]
\let 


! Package PGF Math Error: Digit `=' invalid for base 8 (in '(2014-09-22 + -1+ -
.1)* 3mm').

See the PGF Math package documentation for explanation.
Type  H <return>  for immediate help.
 ...                                              
                                                  
l.62     ]{IMKL Reader}{2014-09-22}{2014-11-9}
                                              \\ [grid]
\let 


! Package PGF Math Error: Digit `=' invalid for base 8 (in '(2014-09-22 + -1+ -
.1)* 3mm').

See the PGF Math package documentation for explanation.
Type  H <return>  for immediate help.
 ...                                              
                                                  
l.62     ]{IMKL Reader}{2014-09-22}{2014-11-9}
                                              \\ [grid]
\let 


! Package PGF Math Error: Digit `=' invalid for base 8 (in '(2014-09-22 + -1+ -
.1)* 3mm').

See the PGF Math package documentation for explanation.
Type  H <return>  for immediate help.
 ...                                              
                                                  
l.62     ]{IMKL Reader}{2014-09-22}{2014-11-9}
                                              \\ [grid]
\let 


! Package PGF Math Error: Digit `=' invalid for base 8 (in '(2014-09-22 + -1+ -
.1)* 3mm').

See the PGF Math package documentation for explanation.
Type  H <return>  for immediate help.
 ...                                              
                                                  
l.62     ]{IMKL Reader}{2014-09-22}{2014-11-9}
                                              \\ [grid]
\let 


! Package PGF Math Error: Digit `=' invalid for base 8 (in '(2014-09-22 + -1+ -
.1)* 3mm').

See the PGF Math package documentation for explanation.
Type  H <return>  for immediate help.
 ...                                              
                                                  
l.62     ]{IMKL Reader}{2014-09-22}{2014-11-9}
                                              \\ [grid]
\let 


! Package PGF Math Error: Digit `=' invalid for base 8 (in '(2014-09-22 + -1+ -
.1)* 3mm').

See the PGF Math package documentation for explanation.
Type  H <return>  for immediate help.
 ...                                              
                                                  
l.62     ]{IMKL Reader}{2014-09-22}{2014-11-9}
                                              \\ [grid]
\let 


! Package PGF Math Error: Digit `=' invalid for base 8 (in '(2014-09-22 + -1+ -
.1)* 3mm').

See the PGF Math package documentation for explanation.
Type  H <return>  for immediate help.
 ...                                              
                                                  
l.62     ]{IMKL Reader}{2014-09-22}{2014-11-9}
                                              \\ [grid]
\let 


! Package PGF Math Error: Digit `=' invalid for base 8 (in '(2014-09-22 + -1+ -
.1)* 3mm').

See the PGF Math package documentation for explanation.
Type  H <return>  for immediate help.
 ...                                              
                                                  
l.62     ]{IMKL Reader}{2014-09-22}{2014-11-9}
                                              \\ [grid]
\let 


! Package PGF Math Error: Digit `=' invalid for base 8 (in '(2014-09-22 + -1+ -
.1)* 3mm').

See the PGF Math package documentation for explanation.
Type  H <return>  for immediate help.
 ...                                              
                                                  
l.62     ]{IMKL Reader}{2014-09-22}{2014-11-9}
                                              \\ [grid]
\let 


! Package PGF Math Error: Digit `=' invalid for base 8 (in '(2014-09-22 + -1+ -
.1)* 3mm').

See the PGF Math package documentation for explanation.
Type  H <return>  for immediate help.
 ...                                              
                                                  
l.62     ]{IMKL Reader}{2014-09-22}{2014-11-9}
                                              \\ [grid]
\let 


! Package PGF Math Error: Digit `=' invalid for base 8 (in '(2014-09-22 + -1+ -
.1)* 3mm').

See the PGF Math package documentation for explanation.
Type  H <return>  for immediate help.
 ...                                              
                                                  
l.62     ]{IMKL Reader}{2014-09-22}{2014-11-9}
                                              \\ [grid]
\let 


! Package PGF Math Error: Digit `=' invalid for base 8 (in '(2014-09-22 + -1+ -
.1)* 3mm').

See the PGF Math package documentation for explanation.
Type  H <return>  for immediate help.
 ...                                              
                                                  
l.62     ]{IMKL Reader}{2014-09-22}{2014-11-9}
                                              \\ [grid]
\let 


! Package PGF Math Error: Digit `=' invalid for base 8 (in '(2014-09-22 + -1+ -
.1)* 3mm').

See the PGF Math package documentation for explanation.
Type  H <return>  for immediate help.
 ...                                              
                                                  
l.62     ]{IMKL Reader}{2014-09-22}{2014-11-9}
                                              \\ [grid]
\let 


! Package PGF Math Error: Digit `=' invalid for base 8 (in '(2014-09-22 + -1+ -
.1)* 3mm').

See the PGF Math package documentation for explanation.
Type  H <return>  for immediate help.
 ...                                              
                                                  
l.62     ]{IMKL Reader}{2014-09-22}{2014-11-9}
                                              \\ [grid]
\let 


! Package PGF Math Error: Digit `=' invalid for base 8 (in '(2014-09-22 + -1+ -
.1)* 3mm').

See the PGF Math package documentation for explanation.
Type  H <return>  for immediate help.
 ...                                              
                                                  
l.62     ]{IMKL Reader}{2014-09-22}{2014-11-9}
                                              \\ [grid]
\let 


! Package PGF Math Error: Digit `=' invalid for base 8 (in '(2014-09-22 + -1+ -
.1)* 3mm').

See the PGF Math package documentation for explanation.
Type  H <return>  for immediate help.
 ...                                              
                                                  
l.62     ]{IMKL Reader}{2014-09-22}{2014-11-9}
                                              \\ [grid]
\let 


! Package PGF Math Error: Digit `=' invalid for base 8 (in '(2014-09-22 + -1+ -
.1)* 3mm').

See the PGF Math package documentation for explanation.
Type  H <return>  for immediate help.
 ...                                              
                                                  
l.62     ]{IMKL Reader}{2014-09-22}{2014-11-9}
                                              \\ [grid]
\let 


! Package PGF Math Error: Digit `=' invalid for base 8 (in '(2014-09-22 + -1+ -
.1)* 3mm').

See the PGF Math package documentation for explanation.
Type  H <return>  for immediate help.
 ...                                              
                                                  
l.62     ]{IMKL Reader}{2014-09-22}{2014-11-9}
                                              \\ [grid]
\let 


! Package PGF Math Error: Digit `=' invalid for base 8 (in '(2014-09-22 + -1+ -
.1)* 3mm').

See the PGF Math package documentation for explanation.
Type  H <return>  for immediate help.
 ...                                              
                                                  
l.62     ]{IMKL Reader}{2014-09-22}{2014-11-9}
                                              \\ [grid]
\let 


! Package PGF Math Error: Digit `=' invalid for base 8 (in '(2014-09-22 + -1+ -
.1)* 3mm').

See the PGF Math package documentation for explanation.
Type  H <return>  for immediate help.
 ...                                              
                                                  
l.62     ]{IMKL Reader}{2014-09-22}{2014-11-9}
                                              \\ [grid]
\let 


! Package PGF Math Error: Digit `=' invalid for base 8 (in '(2014-09-22 + -1+ -
.1)* 3mm').

See the PGF Math package documentation for explanation.
Type  H <return>  for immediate help.
 ...                                              
                                                  
l.62     ]{IMKL Reader}{2014-09-22}{2014-11-9}
                                              \\ [grid]
\let 


! Package PGF Math Error: Digit `=' invalid for base 8 (in '(2014-09-22 + -1+ -
.1)* 3mm').

See the PGF Math package documentation for explanation.
Type  H <return>  for immediate help.
 ...                                              
                                                  
l.62     ]{IMKL Reader}{2014-09-22}{2014-11-9}
                                              \\ [grid]
\let 


! Package PGF Math Error: Digit `=' invalid for base 8 (in '(2014-09-22 + -1+ -
.1)* 3mm').

See the PGF Math package documentation for explanation.
Type  H <return>  for immediate help.
 ...                                              
                                                  
l.62     ]{IMKL Reader}{2014-09-22}{2014-11-9}
                                              \\ [grid]
\let 


! Package PGF Math Error: Digit `=' invalid for base 8 (in '(2014-09-22 + -1+ -
.1)* 3mm').

See the PGF Math package documentation for explanation.
Type  H <return>  for immediate help.
 ...                                              
                                                  
l.62     ]{IMKL Reader}{2014-09-22}{2014-11-9}
                                              \\ [grid]
\let 


! Package PGF Math Error: Digit `=' invalid for base 8 (in '(2014-09-22 + -1+ -
.1)* 3mm').

See the PGF Math package documentation for explanation.
Type  H <return>  for immediate help.
 ...                                              
                                                  
l.62     ]{IMKL Reader}{2014-09-22}{2014-11-9}
                                              \\ [grid]
\let 


! Package PGF Math Error: Digit `=' invalid for base 8 (in '(2014-09-22 + -1+ -
.1)* 3mm').

See the PGF Math package documentation for explanation.
Type  H <return>  for immediate help.
 ...                                              
                                                  
l.62     ]{IMKL Reader}{2014-09-22}{2014-11-9}
                                              \\ [grid]
\let 


! Package PGF Math Error: Digit `=' invalid for base 8 (in '(2014-09-22 + -1+ -
.1)* 3mm').

See the PGF Math package documentation for explanation.
Type  H <return>  for immediate help.
 ...                                              
                                                  
l.62     ]{IMKL Reader}{2014-09-22}{2014-11-9}
                                              \\ [grid]
\let 


! Package PGF Math Error: Digit `=' invalid for base 8 (in '(2014-09-22 + -1+ -
.1)* 3mm').

See the PGF Math package documentation for explanation.
Type  H <return>  for immediate help.
 ...                                              
                                                  
l.62     ]{IMKL Reader}{2014-09-22}{2014-11-9}
                                              \\ [grid]
(That makes 100 errors; please try again.) 
Here is how much of TeX's memory you used:
 12813 strings out of 494091
 271107 string characters out of 6163524
 302287 words of memory out of 5000000
 16256 multiletter control sequences out of 15000+600000
 3993 words of font info for 15 fonts, out of 8000000 for 9000
 319 hyphenation exceptions out of 8191
 110i,1n,115p,386b,344s stack positions out of 5000i,500n,10000p,200000b,80000s

!  ==> Fatal error occurred, no output PDF file produced!
